This is pdfTeX, Version 3.1415926-2.5-1.40.14 (TeX Live 2013/Debian) (format=pdflatex 2015.5.19)  21 SEP 2015 22:05
entering extended mode
 restricted \write18 enabled.
 %&-line parsing enabled.
**\input results.tex
(./results.tex (/usr/share/texlive/texmf-dist/tex/latex/base/article.cls
Document Class: article 2007/10/19 v1.4h Standard LaTeX document class
(/usr/share/texlive/texmf-dist/tex/latex/base/size10.clo
File: size10.clo 2007/10/19 v1.4h Standard LaTeX file (size option)
)
\c@part=\count79
\c@section=\count80
\c@subsection=\count81
\c@subsubsection=\count82
\c@paragraph=\count83
\c@subparagraph=\count84
\c@figure=\count85
\c@table=\count86
\abovecaptionskip=\skip41
\belowcaptionskip=\skip42
\bibindent=\dimen102
)
(/usr/share/texlive/texmf-dist/tex/latex/amsmath/amsmath.sty
Package: amsmath 2013/01/14 v2.14 AMS math features
\@mathmargin=\skip43

For additional information on amsmath, use the `?' option.
(/usr/share/texlive/texmf-dist/tex/latex/amsmath/amstext.sty
Package: amstext 2000/06/29 v2.01

(/usr/share/texlive/texmf-dist/tex/latex/amsmath/amsgen.sty
File: amsgen.sty 1999/11/30 v2.0
\@emptytoks=\toks14
\ex@=\dimen103
))
(/usr/share/texlive/texmf-dist/tex/latex/amsmath/amsbsy.sty
Package: amsbsy 1999/11/29 v1.2d
\pmbraise@=\dimen104
)
(/usr/share/texlive/texmf-dist/tex/latex/amsmath/amsopn.sty
Package: amsopn 1999/12/14 v2.01 operator names
)
\inf@bad=\count87
LaTeX Info: Redefining \frac on input line 210.
\uproot@=\count88
\leftroot@=\count89
LaTeX Info: Redefining \overline on input line 306.
\classnum@=\count90
\DOTSCASE@=\count91
LaTeX Info: Redefining \ldots on input line 378.
LaTeX Info: Redefining \dots on input line 381.
LaTeX Info: Redefining \cdots on input line 466.
\Mathstrutbox@=\box26
\strutbox@=\box27
\big@size=\dimen105
LaTeX Font Info:    Redeclaring font encoding OML on input line 566.
LaTeX Font Info:    Redeclaring font encoding OMS on input line 567.
\macc@depth=\count92
\c@MaxMatrixCols=\count93
\dotsspace@=\muskip10
\c@parentequation=\count94
\dspbrk@lvl=\count95
\tag@help=\toks15
\row@=\count96
\column@=\count97
\maxfields@=\count98
\andhelp@=\toks16
\eqnshift@=\dimen106
\alignsep@=\dimen107
\tagshift@=\dimen108
\tagwidth@=\dimen109
\totwidth@=\dimen110
\lineht@=\dimen111
\@envbody=\toks17
\multlinegap=\skip44
\multlinetaggap=\skip45
\mathdisplay@stack=\toks18
LaTeX Info: Redefining \[ on input line 2665.
LaTeX Info: Redefining \] on input line 2666.
)
(/usr/share/texlive/texmf-dist/tex/latex/graphics/graphicx.sty
Package: graphicx 1999/02/16 v1.0f Enhanced LaTeX Graphics (DPC,SPQR)

(/usr/share/texlive/texmf-dist/tex/latex/graphics/keyval.sty
Package: keyval 1999/03/16 v1.13 key=value parser (DPC)
\KV@toks@=\toks19
)
(/usr/share/texlive/texmf-dist/tex/latex/graphics/graphics.sty
Package: graphics 2009/02/05 v1.0o Standard LaTeX Graphics (DPC,SPQR)

(/usr/share/texlive/texmf-dist/tex/latex/graphics/trig.sty
Package: trig 1999/03/16 v1.09 sin cos tan (DPC)
)
(/usr/share/texlive/texmf-dist/tex/latex/latexconfig/graphics.cfg
File: graphics.cfg 2010/04/23 v1.9 graphics configuration of TeX Live
)
Package graphics Info: Driver file: pdftex.def on input line 91.

(/usr/share/texlive/texmf-dist/tex/latex/pdftex-def/pdftex.def
File: pdftex.def 2011/05/27 v0.06d Graphics/color for pdfTeX

(/usr/share/texlive/texmf-dist/tex/generic/oberdiek/infwarerr.sty
Package: infwarerr 2010/04/08 v1.3 Providing info/warning/error messages (HO)
)
(/usr/share/texlive/texmf-dist/tex/generic/oberdiek/ltxcmds.sty
Package: ltxcmds 2011/11/09 v1.22 LaTeX kernel commands for general use (HO)
)
\Gread@gobject=\count99
))
\Gin@req@height=\dimen112
\Gin@req@width=\dimen113
)
(/usr/share/texlive/texmf-dist/tex/latex/float/float.sty
Package: float 2001/11/08 v1.3d Float enhancements (AL)
\c@float@type=\count100
\float@exts=\toks20
\float@box=\box28
\@float@everytoks=\toks21
\@floatcapt=\box29
) (./results.aux)
\openout1 = `results.aux'.

LaTeX Font Info:    Checking defaults for OML/cmm/m/it on input line 8.
LaTeX Font Info:    ... okay on input line 8.
LaTeX Font Info:    Checking defaults for T1/cmr/m/n on input line 8.
LaTeX Font Info:    ... okay on input line 8.
LaTeX Font Info:    Checking defaults for OT1/cmr/m/n on input line 8.
LaTeX Font Info:    ... okay on input line 8.
LaTeX Font Info:    Checking defaults for OMS/cmsy/m/n on input line 8.
LaTeX Font Info:    ... okay on input line 8.
LaTeX Font Info:    Checking defaults for OMX/cmex/m/n on input line 8.
LaTeX Font Info:    ... okay on input line 8.
LaTeX Font Info:    Checking defaults for U/cmr/m/n on input line 8.
LaTeX Font Info:    ... okay on input line 8.

(/usr/share/texlive/texmf-dist/tex/context/base/supp-pdf.mkii
[Loading MPS to PDF converter (version 2006.09.02).]
\scratchcounter=\count101
\scratchdimen=\dimen114
\scratchbox=\box30
\nofMPsegments=\count102
\nofMParguments=\count103
\everyMPshowfont=\toks22
\MPscratchCnt=\count104
\MPscratchDim=\dimen115
\MPnumerator=\count105
\makeMPintoPDFobject=\count106
\everyMPtoPDFconversion=\toks23
) (/usr/share/texlive/texmf-dist/tex/generic/oberdiek/pdftexcmds.sty
Package: pdftexcmds 2011/11/29 v0.20 Utility functions of pdfTeX for LuaTeX (HO
)

(/usr/share/texlive/texmf-dist/tex/generic/oberdiek/ifluatex.sty
Package: ifluatex 2010/03/01 v1.3 Provides the ifluatex switch (HO)
Package ifluatex Info: LuaTeX not detected.
)
(/usr/share/texlive/texmf-dist/tex/generic/oberdiek/ifpdf.sty
Package: ifpdf 2011/01/30 v2.3 Provides the ifpdf switch (HO)
Package ifpdf Info: pdfTeX in PDF mode is detected.
)
Package pdftexcmds Info: LuaTeX not detected.
Package pdftexcmds Info: \pdf@primitive is available.
Package pdftexcmds Info: \pdf@ifprimitive is available.
Package pdftexcmds Info: \pdfdraftmode found.
)
(/usr/share/texlive/texmf-dist/tex/latex/oberdiek/epstopdf-base.sty
Package: epstopdf-base 2010/02/09 v2.5 Base part for package epstopdf

(/usr/share/texlive/texmf-dist/tex/latex/oberdiek/grfext.sty
Package: grfext 2010/08/19 v1.1 Manage graphics extensions (HO)

(/usr/share/texlive/texmf-dist/tex/generic/oberdiek/kvdefinekeys.sty
Package: kvdefinekeys 2011/04/07 v1.3 Define keys (HO)
))
(/usr/share/texlive/texmf-dist/tex/latex/oberdiek/kvoptions.sty
Package: kvoptions 2011/06/30 v3.11 Key value format for package options (HO)

(/usr/share/texlive/texmf-dist/tex/generic/oberdiek/kvsetkeys.sty
Package: kvsetkeys 2012/04/25 v1.16 Key value parser (HO)

(/usr/share/texlive/texmf-dist/tex/generic/oberdiek/etexcmds.sty
Package: etexcmds 2011/02/16 v1.5 Avoid name clashes with e-TeX commands (HO)
Package etexcmds Info: Could not find \expanded.
(etexcmds)             That can mean that you are not using pdfTeX 1.50 or
(etexcmds)             that some package has redefined \expanded.
(etexcmds)             In the latter case, load this package earlier.
)))
Package grfext Info: Graphics extension search list:
(grfext)             [.png,.pdf,.jpg,.mps,.jpeg,.jbig2,.jb2,.PNG,.PDF,.JPG,.JPE
G,.JBIG2,.JB2,.eps]
(grfext)             \AppendGraphicsExtensions on input line 452.

(/usr/share/texlive/texmf-dist/tex/latex/latexconfig/epstopdf-sys.cfg
File: epstopdf-sys.cfg 2010/07/13 v1.3 Configuration of (r)epstopdf for TeX Liv
e
))
Overfull \hbox (3.44463pt too wide) in paragraph at lines 31--36
 [][] 
 []

[1

{/var/lib/texmf/fonts/map/pdftex/updmap/pdftex.map}]
Overfull \hbox (96.46574pt too wide) in paragraph at lines 50--63
 [][] 
 []


Overfull \hbox (25.94508pt too wide) in paragraph at lines 45--65
\OT1/cmr/m/n/10 We can see that the hes-sian of the Rosen-brock func-tion at th
e point $(\OMS/cmsy/m/n/10 ^^@\OT1/cmr/m/n/10 1\OML/cmm/m/it/10 :\OT1/cmr/m/n/1
0 9375\OML/cmm/m/it/10 ; \OMS/cmsy/m/n/10 ^^@\OT1/cmr/m/n/10 0\OML/cmm/m/it/10 
:\OT1/cmr/m/n/10 9375)$
 []

<steepspd.png, id=16, 586.8324pt x 442.2924pt>
File: steepspd.png Graphic file (type png)
 <use steepspd.png>
Package pdftex.def Info: steepspd.png used on input line 72.
(pdftex.def)             Requested size: 293.41548pt x 221.14566pt.

<fcolspd.png, id=18, 586.8324pt x 442.2924pt>
File: fcolspd.png Graphic file (type png)
 <use fcolspd.png>
Package pdftex.def Info: fcolspd.png used on input line 77.
(pdftex.def)             Requested size: 293.41548pt x 221.14566pt.
 [2]
<specspd.png, id=22, 586.8324pt x 442.2924pt>
File: specspd.png Graphic file (type png)
 <use specspd.png>
Package pdftex.def Info: specspd.png used on input line 82.
(pdftex.def)             Requested size: 293.41548pt x 221.14566pt.

<cgspd.png, id=23, 586.8324pt x 442.2924pt>
File: cgspd.png Graphic file (type png)
 <use cgspd.png>
Package pdftex.def Info: cgspd.png used on input line 87.
(pdftex.def)             Requested size: 293.41548pt x 221.14566pt.
 [3 <./steepspd.png> <./fcolspd.png>] [4 <./specspd.png> <./cgspd.png>]
Overfull \hbox (96.46574pt too wide) in paragraph at lines 98--111
 [][] 
 []


Overfull \hbox (18.16728pt too wide) in paragraph at lines 93--113
\OT1/cmr/m/n/10 We can see that the hes-sian of the Rosen-brock func-tion at th
e point $(\OMS/cmsy/m/n/10 ^^@\OT1/cmr/m/n/10 0\OML/cmm/m/it/10 :\OT1/cmr/m/n/1
0 3125\OML/cmm/m/it/10 ; \OT1/cmr/m/n/10 0\OML/cmm/m/it/10 :\OT1/cmr/m/n/10 687
5)$
 []

<steepnspd.png, id=34, 586.8324pt x 442.2924pt>
File: steepnspd.png Graphic file (type png)
 <use steepnspd.png>
Package pdftex.def Info: steepnspd.png used on input line 124.
(pdftex.def)             Requested size: 293.41548pt x 221.14566pt.

<fcolnspd.png, id=35, 586.8324pt x 442.2924pt>
File: fcolnspd.png Graphic file (type png)
 <use fcolnspd.png>
Package pdftex.def Info: fcolnspd.png used on input line 129.
(pdftex.def)             Requested size: 293.41548pt x 221.14566pt.
 [5]
<specnspd.png, id=39, 586.8324pt x 442.2924pt>
File: specnspd.png Graphic file (type png)
 <use specnspd.png>
Package pdftex.def Info: specnspd.png used on input line 134.
(pdftex.def)             Requested size: 293.41548pt x 221.14566pt.

<cgnspd.png, id=40, 586.8324pt x 442.2924pt>
File: cgnspd.png Graphic file (type png)
 <use cgnspd.png>
Package pdftex.def Info: cgnspd.png used on input line 139.
(pdftex.def)             Requested size: 293.41548pt x 221.14566pt.
 [6 <./steepnspd.png> <./fcolnspd.png>] [7 <./specnspd.png> <./cgnspd.png>]
<steepregion.png, id=52, 586.8324pt x 442.2924pt>
File: steepregion.png Graphic file (type png)
 <use steepregion.png>
Package pdftex.def Info: steepregion.png used on input line 154.
(pdftex.def)             Requested size: 293.41548pt x 221.14566pt.

<fcolregion.png, id=53, 586.8324pt x 442.2924pt>
File: fcolregion.png Graphic file (type png)
 <use fcolregion.png>
Package pdftex.def Info: fcolregion.png used on input line 159.
(pdftex.def)             Requested size: 293.41548pt x 221.14566pt.

<specregion.png, id=54, 586.8324pt x 442.2924pt>
File: specregion.png Graphic file (type png)
 <use specregion.png>
Package pdftex.def Info: specregion.png used on input line 164.
(pdftex.def)             Requested size: 293.41548pt x 221.14566pt.
 [8 <./steepregion.png>] <cgregion.png, id=59, 586.8324pt x 442.2924pt>
File: cgregion.png Graphic file (type png)

<use cgregion.png>
Package pdftex.def Info: cgregion.png used on input line 169.
(pdftex.def)             Requested size: 293.41548pt x 221.14566pt.
 [9 <./fcolregion.png> <./specregion.png>]
<hessian2.png, id=65, 586.8324pt x 442.2924pt>
File: hessian2.png Graphic file (type png)
 <use hessian2.png>
Package pdftex.def Info: hessian2.png used on input line 181.
(pdftex.def)             Requested size: 293.41548pt x 221.14566pt.
 [10 <./cgregion.png>]
Overfull \hbox (96.46574pt too wide) in paragraph at lines 194--207
 [][] 
 []

<2steep.png, id=70, 586.8324pt x 442.2924pt>
File: 2steep.png Graphic file (type png)
 <use 2steep.png>
Package pdftex.def Info: 2steep.png used on input line 214.
(pdftex.def)             Requested size: 293.41548pt x 221.14566pt.

<2fcol.png, id=71, 586.8324pt x 442.2924pt>
File: 2fcol.png Graphic file (type png)
 <use 2fcol.png>
Package pdftex.def Info: 2fcol.png used on input line 219.
(pdftex.def)             Requested size: 293.41548pt x 221.14566pt.
 [11 <./hessian2.png>] <2spec.png, id=76, 586.8324pt x 442.2924pt>
File: 2spec.png Graphic file (type png)
 <use 2spec.png>
Package pdftex.def Info: 2spec.png used on input line 224.
(pdftex.def)             Requested size: 293.41548pt x 221.14566pt.
 [12 <./2steep.png>] <2cg.png, id=81, 586.8324pt x 442.2924pt>
File: 2cg.png Graphic file (type png)
 <use 2cg.png>
Package pdftex.def Info: 2cg.png used on input line 229.
(pdftex.def)             Requested size: 293.41548pt x 221.14566pt.
 [13 <./2fcol.png> <./2spec.png>] <3steep.png, id=88, 586.8324pt x 442.2924pt>
File: 3steep.png Graphic file (type png)
 <use 3steep.png>
Package pdftex.def Info: 3steep.png used on input line 235.
(pdftex.def)             Requested size: 293.41548pt x 221.14566pt.

<3fcol.png, id=89, 586.8324pt x 442.2924pt>
File: 3fcol.png Graphic file (type png)
 <use 3fcol.png>
Package pdftex.def Info: 3fcol.png used on input line 240.
(pdftex.def)             Requested size: 293.41548pt x 221.14566pt.

<3spec.png, id=90, 586.8324pt x 442.2924pt>
File: 3spec.png Graphic file (type png)
 <use 3spec.png>
Package pdftex.def Info: 3spec.png used on input line 245.
(pdftex.def)             Requested size: 293.41548pt x 221.14566pt.
 [14 <./2cg.png> <./3steep.png>] <3cg.png, id=96, 586.8324pt x 442.2924pt>
File: 3cg.png Graphic file (type png)
 <use 3cg.png>
Package pdftex.def Info: 3cg.png used on input line 250.
(pdftex.def)             Requested size: 293.41548pt x 221.14566pt.
 [15 <./3fcol.png> <./3spec.png>] [16 <./3cg.png>] (./results.aux) ) 
Here is how much of TeX's memory you used:
 2264 strings out of 495028
 30368 string characters out of 6181497
 89857 words of memory out of 5000000
 5440 multiletter control sequences out of 15000+600000
 9369 words of font info for 34 fonts, out of 8000000 for 9000
 14 hyphenation exceptions out of 8191
 37i,10n,23p,271b,288s stack positions out of 5000i,500n,10000p,200000b,80000s
</usr/share
/texlive/texmf-dist/fonts/type1/public/amsfonts/cm/cmbx10.pfb></usr/share/texli
ve/texmf-dist/fonts/type1/public/amsfonts/cm/cmbx12.pfb></usr/share/texlive/tex
mf-dist/fonts/type1/public/amsfonts/cm/cmmi10.pfb></usr/share/texlive/texmf-dis
t/fonts/type1/public/amsfonts/cm/cmr10.pfb></usr/share/texlive/texmf-dist/fonts
/type1/public/amsfonts/cm/cmr12.pfb></usr/share/texlive/texmf-dist/fonts/type1/
public/amsfonts/cm/cmr17.pfb></usr/share/texlive/texmf-dist/fonts/type1/public/
amsfonts/cm/cmr7.pfb></usr/share/texlive/texmf-dist/fonts/type1/public/amsfonts
/cm/cmsy10.pfb></usr/share/texlive/texmf-dist/fonts/type1/public/amsfonts/cm/cm
sy7.pfb></usr/share/texlive/texmf-dist/fonts/type1/public/amsfonts/cm/cmti10.pf
b>
Output written on results.pdf (16 pages, 699741 bytes).
PDF statistics:
 139 PDF objects out of 1000 (max. 8388607)
 68 compressed objects within 1 object stream
 0 named destinations out of 1000 (max. 500000)
 106 words of extra memory for PDF output out of 10000 (max. 10000000)

